<?xml version="1.0" encoding="UTF-8"?>
<!-- Generated by org.testng.reporters.JUnitXMLReporter -->
<testsuite ignored="0" hostname="BT1707081" failures="0" tests="20" name="Chrome Test" time="223.353" errors="0" timestamp="2021-07-15T17:00:53 IST">
  <testcase classname="com.test.TestCases" name="testOne" time="5.015"/>
  <testcase classname="com.test.TestCases" name="testTwo" time="3.679"/>
  <testcase classname="com.test.TestCases" name="testThree" time="7.979"/>
  <testcase classname="com.test.TestCases" name="testFour" time="6.728"/>
  <testcase classname="com.test.TestCases" name="testFive" time="7.193"/>
  <testcase classname="com.test.TestCases" name="testSix" time="14.793"/>
  <testcase classname="com.test.TestCases" name="testSeven" time="12.516"/>
  <testcase classname="com.test.TestCases" name="testEight" time="20.776"/>
  <testcase classname="com.test.TestCases" name="testNine" time="2.771"/>
  <testcase classname="com.test.TestCases" name="testTen" time="4.858"/>
  <testcase classname="com.test.TestCases" name="testEleven" time="7.805"/>
  <testcase classname="com.test.TestCases" name="testTwelve" time="10.116"/>
  <testcase classname="com.test.TestCases" name="testThirteen" time="12.44"/>
  <testcase classname="com.test.TestCases" name="testFourteen" time="10.978"/>
  <testcase classname="com.test.TestCases" name="testFiveteen" time="5.315"/>
  <testcase classname="com.test.TestCases" name="testSixteen" time="9.086"/>
  <testcase classname="com.test.TestCases" name="testSeventeen" time="20.535"/>
  <testcase classname="com.test.TestCases" name="testEighteen" time="26.414"/>
  <testcase classname="com.test.TestCases" name="testNineteen" time="16.458"/>
  <testcase classname="com.test.TestCases" name="testTwenty" time="17.76"/>
</testsuite> <!-- Chrome Test -->
