<?xml version="1.0" encoding="UTF-8"?>
<!-- Generated by org.testng.reporters.JUnitXMLReporter -->
<testsuite ignored="0" hostname="BT1707081" failures="0" tests="20" name="Internet Explorer Test" time="288.292" errors="0" timestamp="2021-07-15T16:53:06 IST">
  <testcase classname="com.test.TestCases" name="testOne" time="21.576"/>
  <testcase classname="com.test.TestCases" name="testTwo" time="2.25"/>
  <testcase classname="com.test.TestCases" name="testThree" time="8.835"/>
  <testcase classname="com.test.TestCases" name="testFour" time="7.751"/>
  <testcase classname="com.test.TestCases" name="testFive" time="8.608"/>
  <testcase classname="com.test.TestCases" name="testSix" time="16.579"/>
  <testcase classname="com.test.TestCases" name="testSeven" time="12.938"/>
  <testcase classname="com.test.TestCases" name="testEight" time="22.539"/>
  <testcase classname="com.test.TestCases" name="testNine" time="2.681"/>
  <testcase classname="com.test.TestCases" name="testTen" time="5.253"/>
  <testcase classname="com.test.TestCases" name="testEleven" time="8.281"/>
  <testcase classname="com.test.TestCases" name="testTwelve" time="10.293"/>
  <testcase classname="com.test.TestCases" name="testThirteen" time="13.77"/>
  <testcase classname="com.test.TestCases" name="testFourteen" time="12.088"/>
  <testcase classname="com.test.TestCases" name="testFiveteen" time="5.087"/>
  <testcase classname="com.test.TestCases" name="testSixteen" time="10.775"/>
  <testcase classname="com.test.TestCases" name="testSeventeen" time="30.755"/>
  <testcase classname="com.test.TestCases" name="testEighteen" time="44.289"/>
  <testcase classname="com.test.TestCases" name="testNineteen" time="21.651"/>
  <testcase classname="com.test.TestCases" name="testTwenty" time="22.234"/>
</testsuite> <!-- Internet Explorer Test -->
