<?xml version="1.0" encoding="UTF-8"?>
<testng-results ignored="0" total="40" passed="39" failed="1" skipped="0">
  <reporter-output>
  </reporter-output>
  <suite started-at="2021-07-15T16:42:28 IST" name="Suite" finished-at="2021-07-15T16:53:06 IST" duration-ms="638238">
    <groups>
      <group name="Smoke Testing">
        <method signature="TestCases.testEleven(java.lang.String)[pri:10, instance:com.test.TestCases@2898ac89]" name="testEleven" class="com.test.TestCases"/>
        <method signature="TestCases.testFiveteen(java.lang.String)[pri:14, instance:com.test.TestCases@2898ac89]" name="testFiveteen" class="com.test.TestCases"/>
        <method signature="TestCases.testNine(java.lang.String)[pri:8, instance:com.test.TestCases@2898ac89]" name="testNine" class="com.test.TestCases"/>
        <method signature="TestCases.testOne(java.lang.String)[pri:0, instance:com.test.TestCases@2898ac89]" name="testOne" class="com.test.TestCases"/>
        <method signature="TestCases.testSix(java.lang.String)[pri:5, instance:com.test.TestCases@2898ac89]" name="testSix" class="com.test.TestCases"/>
        <method signature="TestCases.testThirteen(java.lang.String)[pri:12, instance:com.test.TestCases@2898ac89]" name="testThirteen" class="com.test.TestCases"/>
        <method signature="TestCases.testThree(java.lang.String)[pri:2, instance:com.test.TestCases@2898ac89]" name="testThree" class="com.test.TestCases"/>
        <method signature="TestCases.testTwo(java.lang.String)[pri:1, instance:com.test.TestCases@2898ac89]" name="testTwo" class="com.test.TestCases"/>
        <method signature="TestCases.testEleven(java.lang.String)[pri:10, instance:com.test.TestCases@55b53d44]" name="testEleven" class="com.test.TestCases"/>
        <method signature="TestCases.testFiveteen(java.lang.String)[pri:14, instance:com.test.TestCases@55b53d44]" name="testFiveteen" class="com.test.TestCases"/>
        <method signature="TestCases.testNine(java.lang.String)[pri:8, instance:com.test.TestCases@55b53d44]" name="testNine" class="com.test.TestCases"/>
        <method signature="TestCases.testOne(java.lang.String)[pri:0, instance:com.test.TestCases@55b53d44]" name="testOne" class="com.test.TestCases"/>
        <method signature="TestCases.testSix(java.lang.String)[pri:5, instance:com.test.TestCases@55b53d44]" name="testSix" class="com.test.TestCases"/>
        <method signature="TestCases.testThirteen(java.lang.String)[pri:12, instance:com.test.TestCases@55b53d44]" name="testThirteen" class="com.test.TestCases"/>
        <method signature="TestCases.testThree(java.lang.String)[pri:2, instance:com.test.TestCases@55b53d44]" name="testThree" class="com.test.TestCases"/>
        <method signature="TestCases.testTwo(java.lang.String)[pri:1, instance:com.test.TestCases@55b53d44]" name="testTwo" class="com.test.TestCases"/>
      </group> <!-- Smoke Testing -->
      <group name="Regression Testing">
        <method signature="TestCases.testEight(java.lang.String)[pri:7, instance:com.test.TestCases@2898ac89]" name="testEight" class="com.test.TestCases"/>
        <method signature="TestCases.testEighteen(java.lang.String)[pri:17, instance:com.test.TestCases@2898ac89]" name="testEighteen" class="com.test.TestCases"/>
        <method signature="TestCases.testEleven(java.lang.String)[pri:10, instance:com.test.TestCases@2898ac89]" name="testEleven" class="com.test.TestCases"/>
        <method signature="TestCases.testFive(java.lang.String)[pri:4, instance:com.test.TestCases@2898ac89]" name="testFive" class="com.test.TestCases"/>
        <method signature="TestCases.testNine(java.lang.String)[pri:8, instance:com.test.TestCases@2898ac89]" name="testNine" class="com.test.TestCases"/>
        <method signature="TestCases.testOne(java.lang.String)[pri:0, instance:com.test.TestCases@2898ac89]" name="testOne" class="com.test.TestCases"/>
        <method signature="TestCases.testSeven(java.lang.String)[pri:6, instance:com.test.TestCases@2898ac89]" name="testSeven" class="com.test.TestCases"/>
        <method signature="TestCases.testSeventeen(java.lang.String)[pri:16, instance:com.test.TestCases@2898ac89]" name="testSeventeen" class="com.test.TestCases"/>
        <method signature="TestCases.testTen(java.lang.String)[pri:9, instance:com.test.TestCases@2898ac89]" name="testTen" class="com.test.TestCases"/>
        <method signature="TestCases.testThree(java.lang.String)[pri:2, instance:com.test.TestCases@2898ac89]" name="testThree" class="com.test.TestCases"/>
        <method signature="TestCases.testTwenty(java.lang.String)[pri:19, instance:com.test.TestCases@2898ac89]" name="testTwenty" class="com.test.TestCases"/>
        <method signature="TestCases.testEight(java.lang.String)[pri:7, instance:com.test.TestCases@55b53d44]" name="testEight" class="com.test.TestCases"/>
        <method signature="TestCases.testEighteen(java.lang.String)[pri:17, instance:com.test.TestCases@55b53d44]" name="testEighteen" class="com.test.TestCases"/>
        <method signature="TestCases.testEleven(java.lang.String)[pri:10, instance:com.test.TestCases@55b53d44]" name="testEleven" class="com.test.TestCases"/>
        <method signature="TestCases.testFive(java.lang.String)[pri:4, instance:com.test.TestCases@55b53d44]" name="testFive" class="com.test.TestCases"/>
        <method signature="TestCases.testNine(java.lang.String)[pri:8, instance:com.test.TestCases@55b53d44]" name="testNine" class="com.test.TestCases"/>
        <method signature="TestCases.testOne(java.lang.String)[pri:0, instance:com.test.TestCases@55b53d44]" name="testOne" class="com.test.TestCases"/>
        <method signature="TestCases.testSeven(java.lang.String)[pri:6, instance:com.test.TestCases@55b53d44]" name="testSeven" class="com.test.TestCases"/>
        <method signature="TestCases.testSeventeen(java.lang.String)[pri:16, instance:com.test.TestCases@55b53d44]" name="testSeventeen" class="com.test.TestCases"/>
        <method signature="TestCases.testTen(java.lang.String)[pri:9, instance:com.test.TestCases@55b53d44]" name="testTen" class="com.test.TestCases"/>
        <method signature="TestCases.testThree(java.lang.String)[pri:2, instance:com.test.TestCases@55b53d44]" name="testThree" class="com.test.TestCases"/>
        <method signature="TestCases.testTwenty(java.lang.String)[pri:19, instance:com.test.TestCases@55b53d44]" name="testTwenty" class="com.test.TestCases"/>
      </group> <!-- Regression Testing -->
      <group name="Testing">
        <method signature="TestCases.testFour(java.lang.String)[pri:3, instance:com.test.TestCases@2898ac89]" name="testFour" class="com.test.TestCases"/>
        <method signature="TestCases.testFourteen(java.lang.String)[pri:13, instance:com.test.TestCases@2898ac89]" name="testFourteen" class="com.test.TestCases"/>
        <method signature="TestCases.testNineteen(java.lang.String)[pri:18, instance:com.test.TestCases@2898ac89]" name="testNineteen" class="com.test.TestCases"/>
        <method signature="TestCases.testSixteen(java.lang.String)[pri:15, instance:com.test.TestCases@2898ac89]" name="testSixteen" class="com.test.TestCases"/>
        <method signature="TestCases.testTwelve(java.lang.String)[pri:11, instance:com.test.TestCases@2898ac89]" name="testTwelve" class="com.test.TestCases"/>
        <method signature="TestCases.testFour(java.lang.String)[pri:3, instance:com.test.TestCases@55b53d44]" name="testFour" class="com.test.TestCases"/>
        <method signature="TestCases.testFourteen(java.lang.String)[pri:13, instance:com.test.TestCases@55b53d44]" name="testFourteen" class="com.test.TestCases"/>
        <method signature="TestCases.testNineteen(java.lang.String)[pri:18, instance:com.test.TestCases@55b53d44]" name="testNineteen" class="com.test.TestCases"/>
        <method signature="TestCases.testSixteen(java.lang.String)[pri:15, instance:com.test.TestCases@55b53d44]" name="testSixteen" class="com.test.TestCases"/>
        <method signature="TestCases.testTwelve(java.lang.String)[pri:11, instance:com.test.TestCases@55b53d44]" name="testTwelve" class="com.test.TestCases"/>
      </group> <!-- Testing -->
    </groups>
    <test started-at="2021-07-15T16:42:28 IST" name="Chrome Test" finished-at="2021-07-15T16:48:18 IST" duration-ms="349905">
      <class name="com.test.TestCases">
        <test-method signature="testOne(java.lang.String)[pri:0, instance:com.test.TestCases@2898ac89]" started-at="2021-07-15T16:42:28 IST" name="testOne" finished-at="2021-07-15T16:42:38 IST" duration-ms="9393" status="PASS">
          <params>
            <param index="0">
              <value>
                <![CDATA[chrome]]>
              </value>
            </param>
          </params>
          <reporter-output>
          </reporter-output>
        </test-method> <!-- testOne -->
        <test-method signature="testTwo(java.lang.String)[pri:1, instance:com.test.TestCases@2898ac89]" started-at="2021-07-15T16:42:38 IST" name="testTwo" finished-at="2021-07-15T16:42:40 IST" duration-ms="1829" status="PASS">
          <params>
            <param index="0">
              <value>
                <![CDATA[chrome]]>
              </value>
            </param>
          </params>
          <reporter-output>
          </reporter-output>
        </test-method> <!-- testTwo -->
        <test-method signature="testThree(java.lang.String)[pri:2, instance:com.test.TestCases@2898ac89]" started-at="2021-07-15T16:42:40 IST" name="testThree" finished-at="2021-07-15T16:42:47 IST" duration-ms="7708" status="PASS">
          <params>
            <param index="0">
              <value>
                <![CDATA[chrome]]>
              </value>
            </param>
          </params>
          <reporter-output>
          </reporter-output>
        </test-method> <!-- testThree -->
        <test-method signature="testFour(java.lang.String)[pri:3, instance:com.test.TestCases@2898ac89]" started-at="2021-07-15T16:42:47 IST" name="testFour" finished-at="2021-07-15T16:42:56 IST" duration-ms="9172" status="PASS">
          <params>
            <param index="0">
              <value>
                <![CDATA[chrome]]>
              </value>
            </param>
          </params>
          <reporter-output>
          </reporter-output>
        </test-method> <!-- testFour -->
        <test-method signature="testFive(java.lang.String)[pri:4, instance:com.test.TestCases@2898ac89]" started-at="2021-07-15T16:42:56 IST" name="testFive" finished-at="2021-07-15T16:43:04 IST" duration-ms="7473" status="PASS">
          <params>
            <param index="0">
              <value>
                <![CDATA[chrome]]>
              </value>
            </param>
          </params>
          <reporter-output>
          </reporter-output>
        </test-method> <!-- testFive -->
        <test-method signature="testSix(java.lang.String)[pri:5, instance:com.test.TestCases@2898ac89]" started-at="2021-07-15T16:43:04 IST" name="testSix" finished-at="2021-07-15T16:43:20 IST" duration-ms="16445" status="PASS">
          <params>
            <param index="0">
              <value>
                <![CDATA[chrome]]>
              </value>
            </param>
          </params>
          <reporter-output>
          </reporter-output>
        </test-method> <!-- testSix -->
        <test-method signature="testSeven(java.lang.String)[pri:6, instance:com.test.TestCases@2898ac89]" started-at="2021-07-15T16:43:20 IST" name="testSeven" finished-at="2021-07-15T16:43:34 IST" duration-ms="13791" status="PASS">
          <params>
            <param index="0">
              <value>
                <![CDATA[chrome]]>
              </value>
            </param>
          </params>
          <reporter-output>
          </reporter-output>
        </test-method> <!-- testSeven -->
        <test-method signature="testEight(java.lang.String)[pri:7, instance:com.test.TestCases@2898ac89]" started-at="2021-07-15T16:43:34 IST" name="testEight" finished-at="2021-07-15T16:43:58 IST" duration-ms="23585" status="PASS">
          <params>
            <param index="0">
              <value>
                <![CDATA[chrome]]>
              </value>
            </param>
          </params>
          <reporter-output>
          </reporter-output>
        </test-method> <!-- testEight -->
        <test-method signature="testNine(java.lang.String)[pri:8, instance:com.test.TestCases@2898ac89]" started-at="2021-07-15T16:43:58 IST" name="testNine" finished-at="2021-07-15T16:44:01 IST" duration-ms="3040" status="PASS">
          <params>
            <param index="0">
              <value>
                <![CDATA[chrome]]>
              </value>
            </param>
          </params>
          <reporter-output>
          </reporter-output>
        </test-method> <!-- testNine -->
        <test-method signature="testTen(java.lang.String)[pri:9, instance:com.test.TestCases@2898ac89]" started-at="2021-07-15T16:44:01 IST" name="testTen" finished-at="2021-07-15T16:44:06 IST" duration-ms="5233" status="PASS">
          <params>
            <param index="0">
              <value>
                <![CDATA[chrome]]>
              </value>
            </param>
          </params>
          <reporter-output>
          </reporter-output>
        </test-method> <!-- testTen -->
        <test-method signature="testEleven(java.lang.String)[pri:10, instance:com.test.TestCases@2898ac89]" started-at="2021-07-15T16:44:06 IST" name="testEleven" finished-at="2021-07-15T16:44:15 IST" duration-ms="9385" status="PASS">
          <params>
            <param index="0">
              <value>
                <![CDATA[chrome]]>
              </value>
            </param>
          </params>
          <reporter-output>
          </reporter-output>
        </test-method> <!-- testEleven -->
        <test-method signature="testTwelve(java.lang.String)[pri:11, instance:com.test.TestCases@2898ac89]" started-at="2021-07-15T16:44:15 IST" name="testTwelve" finished-at="2021-07-15T16:44:27 IST" duration-ms="11460" status="PASS">
          <params>
            <param index="0">
              <value>
                <![CDATA[chrome]]>
              </value>
            </param>
          </params>
          <reporter-output>
          </reporter-output>
        </test-method> <!-- testTwelve -->
        <test-method signature="testThirteen(java.lang.String)[pri:12, instance:com.test.TestCases@2898ac89]" started-at="2021-07-15T16:44:27 IST" name="testThirteen" finished-at="2021-07-15T16:44:40 IST" duration-ms="12794" status="PASS">
          <params>
            <param index="0">
              <value>
                <![CDATA[chrome]]>
              </value>
            </param>
          </params>
          <reporter-output>
          </reporter-output>
        </test-method> <!-- testThirteen -->
        <test-method signature="testFourteen(java.lang.String)[pri:13, instance:com.test.TestCases@2898ac89]" started-at="2021-07-15T16:44:40 IST" name="testFourteen" finished-at="2021-07-15T16:44:52 IST" duration-ms="12006" status="PASS">
          <params>
            <param index="0">
              <value>
                <![CDATA[chrome]]>
              </value>
            </param>
          </params>
          <reporter-output>
          </reporter-output>
        </test-method> <!-- testFourteen -->
        <test-method signature="testFiveteen(java.lang.String)[pri:14, instance:com.test.TestCases@2898ac89]" started-at="2021-07-15T16:44:52 IST" name="testFiveteen" finished-at="2021-07-15T16:44:57 IST" duration-ms="5177" status="PASS">
          <params>
            <param index="0">
              <value>
                <![CDATA[chrome]]>
              </value>
            </param>
          </params>
          <reporter-output>
          </reporter-output>
        </test-method> <!-- testFiveteen -->
        <test-method signature="testSixteen(java.lang.String)[pri:15, instance:com.test.TestCases@2898ac89]" started-at="2021-07-15T16:44:57 IST" name="testSixteen" finished-at="2021-07-15T16:45:06 IST" duration-ms="9282" status="PASS">
          <params>
            <param index="0">
              <value>
                <![CDATA[chrome]]>
              </value>
            </param>
          </params>
          <reporter-output>
          </reporter-output>
        </test-method> <!-- testSixteen -->
        <test-method signature="testSeventeen(java.lang.String)[pri:16, instance:com.test.TestCases@2898ac89]" started-at="2021-07-15T16:45:06 IST" name="testSeventeen" finished-at="2021-07-15T16:45:50 IST" duration-ms="43725" status="FAIL">
          <params>
            <param index="0">
              <value>
                <![CDATA[chrome]]>
              </value>
            </param>
          </params>
          <exception class="java.lang.AssertionError">
            <message>
              <![CDATA[element not interactable
  (Session info: chrome=91.0.4472.124)
Build info: version: '3.141.59', revision: 'e82be7d358', time: '2018-11-14T08:17:03'
System info: host: 'BT1707081', ip: '192.168.0.110', os.name: 'Windows 10', os.arch: 'amd64', os.version: '10.0', java.version: '16.0.1'
Driver info: org.openqa.selenium.chrome.ChromeDriver
Capabilities {acceptInsecureCerts: false, browserName: chrome, browserVersion: 91.0.4472.124, chrome: {chromedriverVersion: 91.0.4472.101 (af52a90bf870..., userDataDir: C:\Users\KIIT\AppData\Local...}, goog:chromeOptions: {debuggerAddress: localhost:55474}, javascriptEnabled: true, networkConnectionEnabled: false, pageLoadStrategy: normal, platform: WINDOWS, platformName: WINDOWS, proxy: Proxy(), setWindowRect: true, strictFileInteractability: false, timeouts: {implicit: 0, pageLoad: 300000, script: 30000}, unhandledPromptBehavior: dismiss and notify, webauthn:extension:largeBlob: true, webauthn:virtualAuthenticators: true}
Session ID: e3a04fe545d171286e9d279c0496742b]]>
            </message>
            <full-stacktrace>
              <![CDATA[java.lang.AssertionError: element not interactable
  (Session info: chrome=91.0.4472.124)
Build info: version: '3.141.59', revision: 'e82be7d358', time: '2018-11-14T08:17:03'
System info: host: 'BT1707081', ip: '192.168.0.110', os.name: 'Windows 10', os.arch: 'amd64', os.version: '10.0', java.version: '16.0.1'
Driver info: org.openqa.selenium.chrome.ChromeDriver
Capabilities {acceptInsecureCerts: false, browserName: chrome, browserVersion: 91.0.4472.124, chrome: {chromedriverVersion: 91.0.4472.101 (af52a90bf870..., userDataDir: C:\Users\KIIT\AppData\Local...}, goog:chromeOptions: {debuggerAddress: localhost:55474}, javascriptEnabled: true, networkConnectionEnabled: false, pageLoadStrategy: normal, platform: WINDOWS, platformName: WINDOWS, proxy: Proxy(), setWindowRect: true, strictFileInteractability: false, timeouts: {implicit: 0, pageLoad: 300000, script: 30000}, unhandledPromptBehavior: dismiss and notify, webauthn:extension:largeBlob: true, webauthn:virtualAuthenticators: true}
Session ID: e3a04fe545d171286e9d279c0496742b
at org.testng.Assert.fail(Assert.java:99)
at com.genericlib.BaseUI.reportFail(BaseUI.java:267)
at com.genericlib.BaseUI.click(BaseUI.java:209)
at com.test.UdemyForBusiness.clickLogo(UdemyForBusiness.java:66)
at com.test.TestCases.testSeventeen(TestCases.java:310)
at java.base/jdk.internal.reflect.NativeMethodAccessorImpl.invoke0(Native Method)
at java.base/jdk.internal.reflect.NativeMethodAccessorImpl.invoke(NativeMethodAccessorImpl.java:78)
at java.base/jdk.internal.reflect.DelegatingMethodAccessorImpl.invoke(DelegatingMethodAccessorImpl.java:43)
at java.base/java.lang.reflect.Method.invoke(Method.java:567)
at org.testng.internal.MethodInvocationHelper.invokeMethod(MethodInvocationHelper.java:133)
at org.testng.internal.TestInvoker.invokeMethod(TestInvoker.java:598)
at org.testng.internal.TestInvoker.invokeTestMethod(TestInvoker.java:173)
at org.testng.internal.MethodRunner.runInSequence(MethodRunner.java:46)
at org.testng.internal.TestInvoker$MethodInvocationAgent.invoke(TestInvoker.java:824)
at org.testng.internal.TestInvoker.invokeTestMethods(TestInvoker.java:146)
at org.testng.internal.TestMethodWorker.invokeTestMethods(TestMethodWorker.java:146)
at org.testng.internal.TestMethodWorker.run(TestMethodWorker.java:128)
at java.base/java.util.concurrent.ThreadPoolExecutor.runWorker(ThreadPoolExecutor.java:1130)
at java.base/java.util.concurrent.ThreadPoolExecutor$Worker.run(ThreadPoolExecutor.java:630)
at java.base/java.lang.Thread.run(Thread.java:831)
]]>
            </full-stacktrace>
          </exception> <!-- java.lang.AssertionError -->
          <reporter-output>
          </reporter-output>
        </test-method> <!-- testSeventeen -->
        <test-method signature="testEighteen(java.lang.String)[pri:17, instance:com.test.TestCases@2898ac89]" started-at="2021-07-15T16:45:50 IST" name="testEighteen" finished-at="2021-07-15T16:46:39 IST" duration-ms="48709" status="PASS">
          <params>
            <param index="0">
              <value>
                <![CDATA[chrome]]>
              </value>
            </param>
          </params>
          <reporter-output>
          </reporter-output>
        </test-method> <!-- testEighteen -->
        <test-method signature="testNineteen(java.lang.String)[pri:18, instance:com.test.TestCases@2898ac89]" started-at="2021-07-15T16:46:39 IST" name="testNineteen" finished-at="2021-07-15T16:47:55 IST" duration-ms="76798" status="PASS">
          <params>
            <param index="0">
              <value>
                <![CDATA[chrome]]>
              </value>
            </param>
          </params>
          <reporter-output>
          </reporter-output>
        </test-method> <!-- testNineteen -->
        <test-method signature="testTwenty(java.lang.String)[pri:19, instance:com.test.TestCases@2898ac89]" started-at="2021-07-15T16:47:55 IST" name="testTwenty" finished-at="2021-07-15T16:48:18 IST" duration-ms="22778" status="PASS">
          <params>
            <param index="0">
              <value>
                <![CDATA[chrome]]>
              </value>
            </param>
          </params>
          <reporter-output>
          </reporter-output>
        </test-method> <!-- testTwenty -->
      </class> <!-- com.test.TestCases -->
    </test> <!-- Chrome Test -->
    <test started-at="2021-07-15T16:48:18 IST" name="Internet Explorer Test" finished-at="2021-07-15T16:53:06 IST" duration-ms="288292">
      <class name="com.test.TestCases">
        <test-method signature="testOne(java.lang.String)[pri:0, instance:com.test.TestCases@55b53d44]" started-at="2021-07-15T16:48:18 IST" name="testOne" finished-at="2021-07-15T16:48:40 IST" duration-ms="21576" status="PASS">
          <params>
            <param index="0">
              <value>
                <![CDATA[IE]]>
              </value>
            </param>
          </params>
          <reporter-output>
          </reporter-output>
        </test-method> <!-- testOne -->
        <test-method signature="testTwo(java.lang.String)[pri:1, instance:com.test.TestCases@55b53d44]" started-at="2021-07-15T16:48:40 IST" name="testTwo" finished-at="2021-07-15T16:48:42 IST" duration-ms="2250" status="PASS">
          <params>
            <param index="0">
              <value>
                <![CDATA[IE]]>
              </value>
            </param>
          </params>
          <reporter-output>
          </reporter-output>
        </test-method> <!-- testTwo -->
        <test-method signature="testThree(java.lang.String)[pri:2, instance:com.test.TestCases@55b53d44]" started-at="2021-07-15T16:48:42 IST" name="testThree" finished-at="2021-07-15T16:48:51 IST" duration-ms="8835" status="PASS">
          <params>
            <param index="0">
              <value>
                <![CDATA[IE]]>
              </value>
            </param>
          </params>
          <reporter-output>
          </reporter-output>
        </test-method> <!-- testThree -->
        <test-method signature="testFour(java.lang.String)[pri:3, instance:com.test.TestCases@55b53d44]" started-at="2021-07-15T16:48:51 IST" name="testFour" finished-at="2021-07-15T16:48:59 IST" duration-ms="7751" status="PASS">
          <params>
            <param index="0">
              <value>
                <![CDATA[IE]]>
              </value>
            </param>
          </params>
          <reporter-output>
          </reporter-output>
        </test-method> <!-- testFour -->
        <test-method signature="testFive(java.lang.String)[pri:4, instance:com.test.TestCases@55b53d44]" started-at="2021-07-15T16:48:59 IST" name="testFive" finished-at="2021-07-15T16:49:07 IST" duration-ms="8608" status="PASS">
          <params>
            <param index="0">
              <value>
                <![CDATA[IE]]>
              </value>
            </param>
          </params>
          <reporter-output>
          </reporter-output>
        </test-method> <!-- testFive -->
        <test-method signature="testSix(java.lang.String)[pri:5, instance:com.test.TestCases@55b53d44]" started-at="2021-07-15T16:49:07 IST" name="testSix" finished-at="2021-07-15T16:49:24 IST" duration-ms="16579" status="PASS">
          <params>
            <param index="0">
              <value>
                <![CDATA[IE]]>
              </value>
            </param>
          </params>
          <reporter-output>
          </reporter-output>
        </test-method> <!-- testSix -->
        <test-method signature="testSeven(java.lang.String)[pri:6, instance:com.test.TestCases@55b53d44]" started-at="2021-07-15T16:49:24 IST" name="testSeven" finished-at="2021-07-15T16:49:37 IST" duration-ms="12938" status="PASS">
          <params>
            <param index="0">
              <value>
                <![CDATA[IE]]>
              </value>
            </param>
          </params>
          <reporter-output>
          </reporter-output>
        </test-method> <!-- testSeven -->
        <test-method signature="testEight(java.lang.String)[pri:7, instance:com.test.TestCases@55b53d44]" started-at="2021-07-15T16:49:37 IST" name="testEight" finished-at="2021-07-15T16:49:59 IST" duration-ms="22539" status="PASS">
          <params>
            <param index="0">
              <value>
                <![CDATA[IE]]>
              </value>
            </param>
          </params>
          <reporter-output>
          </reporter-output>
        </test-method> <!-- testEight -->
        <test-method signature="testNine(java.lang.String)[pri:8, instance:com.test.TestCases@55b53d44]" started-at="2021-07-15T16:49:59 IST" name="testNine" finished-at="2021-07-15T16:50:02 IST" duration-ms="2681" status="PASS">
          <params>
            <param index="0">
              <value>
                <![CDATA[IE]]>
              </value>
            </param>
          </params>
          <reporter-output>
          </reporter-output>
        </test-method> <!-- testNine -->
        <test-method signature="testTen(java.lang.String)[pri:9, instance:com.test.TestCases@55b53d44]" started-at="2021-07-15T16:50:02 IST" name="testTen" finished-at="2021-07-15T16:50:07 IST" duration-ms="5253" status="PASS">
          <params>
            <param index="0">
              <value>
                <![CDATA[IE]]>
              </value>
            </param>
          </params>
          <reporter-output>
          </reporter-output>
        </test-method> <!-- testTen -->
        <test-method signature="testEleven(java.lang.String)[pri:10, instance:com.test.TestCases@55b53d44]" started-at="2021-07-15T16:50:07 IST" name="testEleven" finished-at="2021-07-15T16:50:16 IST" duration-ms="8281" status="PASS">
          <params>
            <param index="0">
              <value>
                <![CDATA[IE]]>
              </value>
            </param>
          </params>
          <reporter-output>
          </reporter-output>
        </test-method> <!-- testEleven -->
        <test-method signature="testTwelve(java.lang.String)[pri:11, instance:com.test.TestCases@55b53d44]" started-at="2021-07-15T16:50:16 IST" name="testTwelve" finished-at="2021-07-15T16:50:26 IST" duration-ms="10293" status="PASS">
          <params>
            <param index="0">
              <value>
                <![CDATA[IE]]>
              </value>
            </param>
          </params>
          <reporter-output>
          </reporter-output>
        </test-method> <!-- testTwelve -->
        <test-method signature="testThirteen(java.lang.String)[pri:12, instance:com.test.TestCases@55b53d44]" started-at="2021-07-15T16:50:26 IST" name="testThirteen" finished-at="2021-07-15T16:50:40 IST" duration-ms="13770" status="PASS">
          <params>
            <param index="0">
              <value>
                <![CDATA[IE]]>
              </value>
            </param>
          </params>
          <reporter-output>
          </reporter-output>
        </test-method> <!-- testThirteen -->
        <test-method signature="testFourteen(java.lang.String)[pri:13, instance:com.test.TestCases@55b53d44]" started-at="2021-07-15T16:50:40 IST" name="testFourteen" finished-at="2021-07-15T16:50:52 IST" duration-ms="12088" status="PASS">
          <params>
            <param index="0">
              <value>
                <![CDATA[IE]]>
              </value>
            </param>
          </params>
          <reporter-output>
          </reporter-output>
        </test-method> <!-- testFourteen -->
        <test-method signature="testFiveteen(java.lang.String)[pri:14, instance:com.test.TestCases@55b53d44]" started-at="2021-07-15T16:50:52 IST" name="testFiveteen" finished-at="2021-07-15T16:50:57 IST" duration-ms="5087" status="PASS">
          <params>
            <param index="0">
              <value>
                <![CDATA[IE]]>
              </value>
            </param>
          </params>
          <reporter-output>
          </reporter-output>
        </test-method> <!-- testFiveteen -->
        <test-method signature="testSixteen(java.lang.String)[pri:15, instance:com.test.TestCases@55b53d44]" started-at="2021-07-15T16:50:57 IST" name="testSixteen" finished-at="2021-07-15T16:51:08 IST" duration-ms="10775" status="PASS">
          <params>
            <param index="0">
              <value>
                <![CDATA[IE]]>
              </value>
            </param>
          </params>
          <reporter-output>
          </reporter-output>
        </test-method> <!-- testSixteen -->
        <test-method signature="testSeventeen(java.lang.String)[pri:16, instance:com.test.TestCases@55b53d44]" started-at="2021-07-15T16:51:08 IST" name="testSeventeen" finished-at="2021-07-15T16:51:38 IST" duration-ms="30755" status="PASS">
          <params>
            <param index="0">
              <value>
                <![CDATA[IE]]>
              </value>
            </param>
          </params>
          <reporter-output>
          </reporter-output>
        </test-method> <!-- testSeventeen -->
        <test-method signature="testEighteen(java.lang.String)[pri:17, instance:com.test.TestCases@55b53d44]" started-at="2021-07-15T16:51:38 IST" name="testEighteen" finished-at="2021-07-15T16:52:23 IST" duration-ms="44289" status="PASS">
          <params>
            <param index="0">
              <value>
                <![CDATA[IE]]>
              </value>
            </param>
          </params>
          <reporter-output>
          </reporter-output>
        </test-method> <!-- testEighteen -->
        <test-method signature="testNineteen(java.lang.String)[pri:18, instance:com.test.TestCases@55b53d44]" started-at="2021-07-15T16:52:23 IST" name="testNineteen" finished-at="2021-07-15T16:52:44 IST" duration-ms="21651" status="PASS">
          <params>
            <param index="0">
              <value>
                <![CDATA[IE]]>
              </value>
            </param>
          </params>
          <reporter-output>
          </reporter-output>
        </test-method> <!-- testNineteen -->
        <test-method signature="testTwenty(java.lang.String)[pri:19, instance:com.test.TestCases@55b53d44]" started-at="2021-07-15T16:52:44 IST" name="testTwenty" finished-at="2021-07-15T16:53:06 IST" duration-ms="22234" status="PASS">
          <params>
            <param index="0">
              <value>
                <![CDATA[IE]]>
              </value>
            </param>
          </params>
          <reporter-output>
          </reporter-output>
        </test-method> <!-- testTwenty -->
      </class> <!-- com.test.TestCases -->
    </test> <!-- Internet Explorer Test -->
  </suite> <!-- Suite -->
</testng-results>
